  Scene1.cpp
C:\Users\ramy_\Documents\ChimeraComplex\GAME211_StudentTemplate\Scene1.cpp(24,105): warning C4244: 'argument': conversion from 'double' to 'float', possible loss of data
C:\Users\ramy_\Documents\ChimeraComplex\GAME211_StudentTemplate\Scene1.cpp(24,79): warning C4244: 'argument': conversion from 'double' to 'float', possible loss of data
C:\Users\ramy_\Documents\ChimeraComplex\GAME211_StudentTemplate\Scene1.cpp(166,23): warning C4018: '<': signed/unsigned mismatch
C:\Users\ramy_\Documents\ChimeraComplex\GAME211_StudentTemplate\Scene1.cpp(171,24): warning C4018: '<': signed/unsigned mismatch
C:\Users\ramy_\Documents\ChimeraComplex\GAME211_StudentTemplate\Scene1.cpp(176,24): warning C4018: '<': signed/unsigned mismatch
C:\Users\ramy_\Documents\ChimeraComplex\GAME211_StudentTemplate\Scene1.cpp(222,23): warning C4018: '<': signed/unsigned mismatch
C:\Users\ramy_\Documents\ChimeraComplex\GAME211_StudentTemplate\Scene1.cpp(227,23): warning C4018: '<': signed/unsigned mismatch
C:\Users\ramy_\Documents\ChimeraComplex\GAME211_StudentTemplate\Scene1.cpp(235,23): warning C4018: '<': signed/unsigned mismatch
C:\Users\ramy_\Documents\ChimeraComplex\GAME211_StudentTemplate\Scene1.cpp(243,23): warning C4018: '<': signed/unsigned mismatch
C:\Users\ramy_\Documents\ChimeraComplex\GAME211_StudentTemplate\Scene1.cpp(267,23): warning C4018: '<': signed/unsigned mismatch
C:\Users\ramy_\Documents\ChimeraComplex\GAME211_StudentTemplate\Scene1.cpp(303,43): warning C4018: '<': signed/unsigned mismatch
C:\Users\ramy_\Documents\ChimeraComplex\GAME211_StudentTemplate\Scene1.cpp(311,43): warning C4018: '<': signed/unsigned mismatch
C:\Users\ramy_\Documents\ChimeraComplex\GAME211_StudentTemplate\Scene1.cpp(319,43): warning C4018: '<': signed/unsigned mismatch
C:\Users\ramy_\Documents\ChimeraComplex\GAME211_StudentTemplate\Scene1.cpp(371,25): warning C4244: 'initializing': conversion from 'double' to 'int', possible loss of data
C:\Users\ramy_\Documents\ChimeraComplex\GAME211_StudentTemplate\Scene1.cpp(371,69): warning C4244: 'initializing': conversion from 'double' to 'int', possible loss of data
C:\Users\ramy_\Documents\ChimeraComplex\GAME211_StudentTemplate\Scene1.cpp(372,25): warning C4244: 'initializing': conversion from 'double' to 'int', possible loss of data
C:\Users\ramy_\Documents\ChimeraComplex\GAME211_StudentTemplate\Scene1.cpp(372,69): warning C4244: 'initializing': conversion from 'double' to 'int', possible loss of data
C:\Users\ramy_\Documents\ChimeraComplex\GAME211_StudentTemplate\Scene1.cpp(457,22): warning C4305: '+=': truncation from 'double' to 'float'
C:\Users\ramy_\Documents\ChimeraComplex\GAME211_StudentTemplate\Scene1.cpp(461,22): warning C4305: '-=': truncation from 'double' to 'float'
C:\Users\ramy_\Documents\ChimeraComplex\GAME211_StudentTemplate\Scene1.cpp(466,55): warning C4244: '=': conversion from 'double' to 'float', possible loss of data
C:\Users\ramy_\Documents\ChimeraComplex\GAME211_StudentTemplate\Scene1.cpp(473,55): warning C4244: '=': conversion from 'int' to 'float', possible loss of data
C:\Users\ramy_\Documents\ChimeraComplex\GAME211_StudentTemplate\Scene1.cpp(486,17): warning C4244: '=': conversion from 'float' to 'int', possible loss of data
C:\Users\ramy_\Documents\ChimeraComplex\GAME211_StudentTemplate\Scene1.cpp(487,17): warning C4244: '=': conversion from 'float' to 'int', possible loss of data
C:\Users\ramy_\Documents\ChimeraComplex\GAME211_StudentTemplate\Scene1.cpp(512,55): warning C4244: '=': conversion from 'double' to 'float', possible loss of data
C:\Users\ramy_\Documents\ChimeraComplex\GAME211_StudentTemplate\Scene1.cpp(519,55): warning C4244: '=': conversion from 'int' to 'float', possible loss of data
C:\Users\ramy_\Documents\ChimeraComplex\GAME211_StudentTemplate\Scene1.cpp(532,17): warning C4244: '=': conversion from 'float' to 'int', possible loss of data
C:\Users\ramy_\Documents\ChimeraComplex\GAME211_StudentTemplate\Scene1.cpp(533,17): warning C4244: '=': conversion from 'float' to 'int', possible loss of data
C:\Users\ramy_\Documents\ChimeraComplex\GAME211_StudentTemplate\Scene1.cpp(559,17): warning C4244: '=': conversion from 'float' to 'int', possible loss of data
C:\Users\ramy_\Documents\ChimeraComplex\GAME211_StudentTemplate\Scene1.cpp(560,17): warning C4244: '=': conversion from 'float' to 'int', possible loss of data
C:\Users\ramy_\Documents\ChimeraComplex\GAME211_StudentTemplate\Scene1.cpp(570,17): warning C4244: '=': conversion from 'float' to 'int', possible loss of data
C:\Users\ramy_\Documents\ChimeraComplex\GAME211_StudentTemplate\Scene1.cpp(571,17): warning C4244: '=': conversion from 'float' to 'int', possible loss of data
C:\Users\ramy_\Documents\ChimeraComplex\GAME211_StudentTemplate\Scene1.cpp(432,36): warning C4101: 'pra': unreferenced local variable
C:\Users\ramy_\Documents\ChimeraComplex\GAME211_StudentTemplate\Scene1.cpp(432,19): warning C4101: 'orDeg': unreferenced local variable
C:\Users\ramy_\Documents\ChimeraComplex\GAME211_StudentTemplate\Scene1.cpp(422,9): warning C4101: 'r': unreferenced local variable
C:\Users\ramy_\Documents\ChimeraComplex\GAME211_StudentTemplate\Scene1.cpp(592,55): warning C4244: 'argument': conversion from 'double' to 'float', possible loss of data
C:\Users\ramy_\Documents\ChimeraComplex\GAME211_StudentTemplate\Scene1.cpp(595,59): warning C4244: 'argument': conversion from 'double' to 'float', possible loss of data
C:\Users\ramy_\Documents\ChimeraComplex\GAME211_StudentTemplate\Scene1.cpp(599,102): warning C4244: 'argument': conversion from 'double' to 'float', possible loss of data
C:\Users\ramy_\Documents\ChimeraComplex\GAME211_StudentTemplate\Scene1.cpp(604,59): warning C4244: 'argument': conversion from 'double' to 'float', possible loss of data
C:\Users\ramy_\Documents\ChimeraComplex\GAME211_StudentTemplate\Scene1.cpp(607,63): warning C4244: 'argument': conversion from 'double' to 'float', possible loss of data
C:\Users\ramy_\Documents\ChimeraComplex\GAME211_StudentTemplate\Scene1.cpp(609,106): warning C4244: 'argument': conversion from 'double' to 'float', possible loss of data
C:\Users\ramy_\Documents\ChimeraComplex\GAME211_StudentTemplate\Scene1.cpp(630,17): warning C4244: 'initializing': conversion from 'double' to 'int', possible loss of data
C:\Users\ramy_\Documents\ChimeraComplex\GAME211_StudentTemplate\Scene1.cpp(630,61): warning C4244: 'initializing': conversion from 'double' to 'int', possible loss of data
C:\Users\ramy_\Documents\ChimeraComplex\GAME211_StudentTemplate\Scene1.cpp(630,112): warning C4244: 'initializing': conversion from 'double' to 'int', possible loss of data
C:\Users\ramy_\Documents\ChimeraComplex\GAME211_StudentTemplate\Scene1.cpp(631,17): warning C4244: 'initializing': conversion from 'double' to 'int', possible loss of data
C:\Users\ramy_\Documents\ChimeraComplex\GAME211_StudentTemplate\Scene1.cpp(631,61): warning C4244: 'initializing': conversion from 'double' to 'int', possible loss of data
C:\Users\ramy_\Documents\ChimeraComplex\GAME211_StudentTemplate\Scene1.cpp(631,112): warning C4244: 'initializing': conversion from 'double' to 'int', possible loss of data
C:\Users\ramy_\Documents\ChimeraComplex\GAME211_StudentTemplate\Scene1.cpp(667,27): warning C4018: '<': signed/unsigned mismatch
C:\Users\ramy_\Documents\ChimeraComplex\GAME211_StudentTemplate\Scene1.cpp(679,27): warning C4018: '<': signed/unsigned mismatch
C:\Users\ramy_\Documents\ChimeraComplex\GAME211_StudentTemplate\Scene1.cpp(692,27): warning C4018: '<': signed/unsigned mismatch
C:\Users\ramy_\Documents\ChimeraComplex\GAME211_StudentTemplate\Scene1.cpp(705,27): warning C4018: '<': signed/unsigned mismatch
C:\Users\ramy_\Documents\ChimeraComplex\GAME211_StudentTemplate\Scene1.cpp(713,27): warning C4018: '<': signed/unsigned mismatch
C:\Users\ramy_\Documents\ChimeraComplex\GAME211_StudentTemplate\Scene1.cpp(727,19): warning C4101: 'yo': unreferenced local variable
C:\Users\ramy_\Documents\ChimeraComplex\GAME211_StudentTemplate\Scene1.cpp(727,15): warning C4101: 'xo': unreferenced local variable
C:\Users\ramy_\Documents\ChimeraComplex\GAME211_StudentTemplate\Scene1.cpp(789,35): warning C4244: '=': conversion from 'double' to 'float', possible loss of data
C:\Users\ramy_\Documents\ChimeraComplex\GAME211_StudentTemplate\Scene1.cpp(793,21): warning C4305: '+=': truncation from 'double' to 'float'
C:\Users\ramy_\Documents\ChimeraComplex\GAME211_StudentTemplate\Scene1.cpp(797,21): warning C4305: '-=': truncation from 'double' to 'float'
C:\Users\ramy_\Documents\ChimeraComplex\GAME211_StudentTemplate\Scene1.cpp(834,58): warning C4244: '=': conversion from 'double' to 'float', possible loss of data
C:\Users\ramy_\Documents\ChimeraComplex\GAME211_StudentTemplate\Scene1.cpp(841,58): warning C4244: '=': conversion from 'int' to 'float', possible loss of data
C:\Users\ramy_\Documents\ChimeraComplex\GAME211_StudentTemplate\Scene1.cpp(854,21): warning C4244: '=': conversion from 'float' to 'int', possible loss of data
C:\Users\ramy_\Documents\ChimeraComplex\GAME211_StudentTemplate\Scene1.cpp(855,21): warning C4244: '=': conversion from 'float' to 'int', possible loss of data
C:\Users\ramy_\Documents\ChimeraComplex\GAME211_StudentTemplate\Scene1.cpp(880,58): warning C4244: '=': conversion from 'double' to 'float', possible loss of data
C:\Users\ramy_\Documents\ChimeraComplex\GAME211_StudentTemplate\Scene1.cpp(887,58): warning C4244: '=': conversion from 'int' to 'float', possible loss of data
C:\Users\ramy_\Documents\ChimeraComplex\GAME211_StudentTemplate\Scene1.cpp(900,21): warning C4244: '=': conversion from 'float' to 'int', possible loss of data
C:\Users\ramy_\Documents\ChimeraComplex\GAME211_StudentTemplate\Scene1.cpp(901,21): warning C4244: '=': conversion from 'float' to 'int', possible loss of data
C:\Users\ramy_\Documents\ChimeraComplex\GAME211_StudentTemplate\Scene1.cpp(924,21): warning C4244: '=': conversion from 'float' to 'int', possible loss of data
C:\Users\ramy_\Documents\ChimeraComplex\GAME211_StudentTemplate\Scene1.cpp(925,21): warning C4244: '=': conversion from 'float' to 'int', possible loss of data
C:\Users\ramy_\Documents\ChimeraComplex\GAME211_StudentTemplate\Scene1.cpp(945,68): warning C4244: 'argument': conversion from 'float' to 'Uint8', possible loss of data
C:\Users\ramy_\Documents\ChimeraComplex\GAME211_StudentTemplate\Scene1.cpp(945,59): warning C4244: 'argument': conversion from 'float' to 'Uint8', possible loss of data
C:\Users\ramy_\Documents\ChimeraComplex\GAME211_StudentTemplate\Scene1.cpp(945,50): warning C4244: 'argument': conversion from 'float' to 'Uint8', possible loss of data
C:\Users\ramy_\Documents\ChimeraComplex\GAME211_StudentTemplate\Scene1.cpp(952,21): warning C4244: '=': conversion from 'float' to 'int', possible loss of data
C:\Users\ramy_\Documents\ChimeraComplex\GAME211_StudentTemplate\Scene1.cpp(953,21): warning C4244: '=': conversion from 'float' to 'int', possible loss of data
C:\Users\ramy_\Documents\ChimeraComplex\GAME211_StudentTemplate\Scene1.cpp(973,83): warning C4244: 'argument': conversion from 'double' to 'Uint8', possible loss of data
C:\Users\ramy_\Documents\ChimeraComplex\GAME211_StudentTemplate\Scene1.cpp(973,68): warning C4244: 'argument': conversion from 'double' to 'Uint8', possible loss of data
C:\Users\ramy_\Documents\ChimeraComplex\GAME211_StudentTemplate\Scene1.cpp(973,53): warning C4244: 'argument': conversion from 'double' to 'Uint8', possible loss of data
C:\Users\ramy_\Documents\ChimeraComplex\GAME211_StudentTemplate\Scene1.cpp(982,25): warning C4305: '+=': truncation from 'double' to 'float'
C:\Users\ramy_\Documents\ChimeraComplex\GAME211_StudentTemplate\Scene1.cpp(986,25): warning C4305: '-=': truncation from 'double' to 'float'
C:\Users\ramy_\Documents\ChimeraComplex\GAME211_StudentTemplate\Scene1.cpp(991,22): warning C4244: '=': conversion from 'float' to 'int', possible loss of data
C:\Users\ramy_\Documents\ChimeraComplex\GAME211_StudentTemplate\Scene1.cpp(997,30): warning C4838: conversion from 'float' to 'int' requires a narrowing conversion
C:\Users\ramy_\Documents\ChimeraComplex\GAME211_StudentTemplate\Scene1.cpp(997,30): warning C4244: 'initializing': conversion from 'float' to 'int', possible loss of data
C:\Users\ramy_\Documents\ChimeraComplex\GAME211_StudentTemplate\Scene1.cpp(997,40): warning C4838: conversion from 'float' to 'int' requires a narrowing conversion
C:\Users\ramy_\Documents\ChimeraComplex\GAME211_StudentTemplate\Scene1.cpp(997,40): warning C4244: 'initializing': conversion from 'float' to 'int', possible loss of data
C:\Users\ramy_\Documents\ChimeraComplex\GAME211_StudentTemplate\Scene1.cpp(1000,19): warning C4244: 'initializing': conversion from 'float' to 'int', possible loss of data
C:\Users\ramy_\Documents\ChimeraComplex\GAME211_StudentTemplate\Scene1.cpp(1006,19): warning C4244: 'initializing': conversion from 'float' to 'int', possible loss of data
C:\Users\ramy_\Documents\ChimeraComplex\GAME211_StudentTemplate\Scene1.cpp(1034,27): warning C4305: '+=': truncation from 'double' to 'float'
C:\Users\ramy_\Documents\ChimeraComplex\GAME211_StudentTemplate\Scene1.cpp(1037,25): warning C4305: '+=': truncation from 'double' to 'float'
C:\Users\ramy_\Documents\ChimeraComplex\GAME211_StudentTemplate\Scene1.cpp(1041,25): warning C4305: '-=': truncation from 'double' to 'float'
C:\Users\ramy_\Documents\ChimeraComplex\GAME211_StudentTemplate\Scene1.cpp(1077,18): warning C4244: 'initializing': conversion from 'double' to 'float', possible loss of data
C:\Users\ramy_\Documents\ChimeraComplex\GAME211_StudentTemplate\Scene1.cpp(1078,18): warning C4244: 'initializing': conversion from 'double' to 'float', possible loss of data
C:\Users\ramy_\Documents\ChimeraComplex\GAME211_StudentTemplate\Scene1.cpp(1137,18): warning C4244: 'initializing': conversion from 'float' to 'int', possible loss of data
C:\Users\ramy_\Documents\ChimeraComplex\GAME211_StudentTemplate\Scene1.cpp(1138,18): warning C4244: 'initializing': conversion from 'float' to 'int', possible loss of data
C:\Users\ramy_\Documents\ChimeraComplex\GAME211_StudentTemplate\Scene1.cpp(1140,14): warning C4244: 'initializing': conversion from 'double' to 'int', possible loss of data
C:\Users\ramy_\Documents\ChimeraComplex\GAME211_StudentTemplate\Scene1.cpp(1143,17): warning C4244: 'initializing': conversion from 'double' to 'float', possible loss of data
C:\Users\ramy_\Documents\ChimeraComplex\GAME211_StudentTemplate\Scene1.cpp(1169,17): warning C4244: 'initializing': conversion from 'double' to 'float', possible loss of data
C:\Users\ramy_\Documents\ChimeraComplex\GAME211_StudentTemplate\Scene1.cpp(1171,15): warning C4244: 'initializing': conversion from 'float' to 'int', possible loss of data
C:\Users\ramy_\Documents\ChimeraComplex\GAME211_StudentTemplate\Scene1.cpp(1175,59): warning C4244: '=': conversion from 'float' to 'int', possible loss of data
C:\Users\ramy_\Documents\ChimeraComplex\GAME211_StudentTemplate\Scene1.cpp(1176,31): warning C4244: '=': conversion from 'double' to 'int', possible loss of data
C:\Users\ramy_\Documents\ChimeraComplex\GAME211_StudentTemplate\Scene1.cpp(1181,20): warning C4244: 'initializing': conversion from 'float' to 'int', possible loss of data
C:\Users\ramy_\Documents\ChimeraComplex\GAME211_StudentTemplate\Scene1.cpp(1183,18): warning C4244: 'initializing': conversion from 'float' to 'int', possible loss of data
  GAME211_StudentTemplate.vcxproj -> C:\Users\ramy_\Documents\ChimeraComplex\Debug\GAME211_StudentTemplate.exe
