c:\users\ayomi\downloads\midstone\chimeracomplex-ramy\game211_studenttemplate\debug\vc143.pdb
c:\users\ayomi\downloads\midstone\chimeracomplex-ramy\game211_studenttemplate\debug\vc143.idb
c:\users\ayomi\downloads\midstone\chimeracomplex-ramy\game211_studenttemplate\debug\window.obj
c:\users\ayomi\downloads\midstone\chimeracomplex-ramy\game211_studenttemplate\debug\timer.obj
c:\users\ayomi\downloads\midstone\chimeracomplex-ramy\game211_studenttemplate\debug\scene2.obj
c:\users\ayomi\downloads\midstone\chimeracomplex-ramy\game211_studenttemplate\debug\scene1.obj
c:\users\ayomi\downloads\midstone\chimeracomplex-ramy\game211_studenttemplate\debug\scene0.obj
c:\users\ayomi\downloads\midstone\chimeracomplex-ramy\game211_studenttemplate\debug\playerbody.obj
c:\users\ayomi\downloads\midstone\chimeracomplex-ramy\game211_studenttemplate\debug\player.obj
c:\users\ayomi\downloads\midstone\chimeracomplex-ramy\game211_studenttemplate\debug\main.obj
c:\users\ayomi\downloads\midstone\chimeracomplex-ramy\game211_studenttemplate\debug\item.obj
c:\users\ayomi\downloads\midstone\chimeracomplex-ramy\game211_studenttemplate\debug\gamemanager.obj
c:\users\ayomi\downloads\midstone\chimeracomplex-ramy\game211_studenttemplate\debug\entity.obj
c:\users\ayomi\downloads\midstone\chimeracomplex-ramy\game211_studenttemplate\debug\enemy.obj
c:\users\ayomi\downloads\midstone\chimeracomplex-ramy\game211_studenttemplate\debug\button.obj
c:\users\ayomi\downloads\midstone\chimeracomplex-ramy\game211_studenttemplate\debug\body.obj
c:\users\ayomi\downloads\midstone\chimeracomplex-ramy\game211_studenttemplate\debug\game211_.175479cc.tlog\cl.command.1.tlog
c:\users\ayomi\downloads\midstone\chimeracomplex-ramy\game211_studenttemplate\debug\game211_.175479cc.tlog\cl.read.1.tlog
c:\users\ayomi\downloads\midstone\chimeracomplex-ramy\game211_studenttemplate\debug\game211_.175479cc.tlog\cl.write.1.tlog
c:\users\ayomi\downloads\midstone\chimeracomplex-ramy\game211_studenttemplate\debug\game211_.175479cc.tlog\link.command.1.tlog
c:\users\ayomi\downloads\midstone\chimeracomplex-ramy\game211_studenttemplate\debug\game211_.175479cc.tlog\link.read.1.tlog
c:\users\ayomi\downloads\midstone\chimeracomplex-ramy\game211_studenttemplate\debug\game211_.175479cc.tlog\link.write.1.tlog
