  Scene0.cpp
C:\Users\krige\Desktop\GAME211_StudentTemplate-main\ChimeraComplex\GAME211_StudentTemplate\Scene0.cpp(31,58): warning C4305: 'argument': truncation from 'double' to 'float'
  Scene1.cpp
C:\Users\krige\Desktop\GAME211_StudentTemplate-main\ChimeraComplex\GAME211_StudentTemplate\Scene1.cpp(17,105): warning C4244: 'argument': conversion from 'double' to 'float', possible loss of data
C:\Users\krige\Desktop\GAME211_StudentTemplate-main\ChimeraComplex\GAME211_StudentTemplate\Scene1.cpp(17,79): warning C4244: 'argument': conversion from 'double' to 'float', possible loss of data
C:\Users\krige\Desktop\GAME211_StudentTemplate-main\ChimeraComplex\GAME211_StudentTemplate\Scene1.cpp(113,23): warning C4018: '<': signed/unsigned mismatch
C:\Users\krige\Desktop\GAME211_StudentTemplate-main\ChimeraComplex\GAME211_StudentTemplate\Scene1.cpp(118,23): warning C4018: '<': signed/unsigned mismatch
C:\Users\krige\Desktop\GAME211_StudentTemplate-main\ChimeraComplex\GAME211_StudentTemplate\Scene1.cpp(122,23): warning C4018: '<': signed/unsigned mismatch
C:\Users\krige\Desktop\GAME211_StudentTemplate-main\ChimeraComplex\GAME211_StudentTemplate\Scene1.cpp(235,27): warning C4244: 'argument': conversion from 'int' to 'float', possible loss of data
C:\Users\krige\Desktop\GAME211_StudentTemplate-main\ChimeraComplex\GAME211_StudentTemplate\Scene1.cpp(235,21): warning C4244: 'argument': conversion from 'int' to 'float', possible loss of data
C:\Users\krige\Desktop\GAME211_StudentTemplate-main\ChimeraComplex\GAME211_StudentTemplate\Scene1.cpp(250,27): warning C4244: '=': conversion from 'float' to 'int', possible loss of data
C:\Users\krige\Desktop\GAME211_StudentTemplate-main\ChimeraComplex\GAME211_StudentTemplate\Scene1.cpp(255,27): warning C4244: '=': conversion from 'float' to 'int', possible loss of data
C:\Users\krige\Desktop\GAME211_StudentTemplate-main\ChimeraComplex\GAME211_StudentTemplate\Scene1.cpp(260,17): warning C4244: 'initializing': conversion from 'float' to 'int', possible loss of data
C:\Users\krige\Desktop\GAME211_StudentTemplate-main\ChimeraComplex\GAME211_StudentTemplate\Scene1.cpp(261,17): warning C4244: 'initializing': conversion from 'float' to 'int', possible loss of data
C:\Users\krige\Desktop\GAME211_StudentTemplate-main\ChimeraComplex\GAME211_StudentTemplate\Scene1.cpp(275,25): warning C4244: 'initializing': conversion from 'float' to 'int', possible loss of data
C:\Users\krige\Desktop\GAME211_StudentTemplate-main\ChimeraComplex\GAME211_StudentTemplate\Scene1.cpp(276,25): warning C4244: 'initializing': conversion from 'float' to 'int', possible loss of data
C:\Users\krige\Desktop\GAME211_StudentTemplate-main\ChimeraComplex\GAME211_StudentTemplate\Scene1.cpp(286,28): warning C4244: '=': conversion from 'float' to 'int', possible loss of data
C:\Users\krige\Desktop\GAME211_StudentTemplate-main\ChimeraComplex\GAME211_StudentTemplate\Scene1.cpp(287,28): warning C4244: '=': conversion from 'float' to 'int', possible loss of data
C:\Users\krige\Desktop\GAME211_StudentTemplate-main\ChimeraComplex\GAME211_StudentTemplate\Scene1.cpp(300,23): warning C4018: '<': signed/unsigned mismatch
C:\Users\krige\Desktop\GAME211_StudentTemplate-main\ChimeraComplex\GAME211_StudentTemplate\Scene1.cpp(312,23): warning C4018: '<': signed/unsigned mismatch
C:\Users\krige\Desktop\GAME211_StudentTemplate-main\ChimeraComplex\GAME211_StudentTemplate\Scene1.cpp(324,23): warning C4018: '<': signed/unsigned mismatch
C:\Users\krige\Desktop\GAME211_StudentTemplate-main\ChimeraComplex\GAME211_StudentTemplate\Scene1.cpp(411,23): warning C4018: '<': signed/unsigned mismatch
C:\Users\krige\Desktop\GAME211_StudentTemplate-main\ChimeraComplex\GAME211_StudentTemplate\Scene1.cpp(428,23): warning C4018: '<': signed/unsigned mismatch
C:\Users\krige\Desktop\GAME211_StudentTemplate-main\ChimeraComplex\GAME211_StudentTemplate\Scene1.cpp(445,23): warning C4018: '<': signed/unsigned mismatch
C:\Users\krige\Desktop\GAME211_StudentTemplate-main\ChimeraComplex\GAME211_StudentTemplate\Scene1.cpp(498,23): warning C4018: '<': signed/unsigned mismatch
C:\Users\krige\Desktop\GAME211_StudentTemplate-main\ChimeraComplex\GAME211_StudentTemplate\Scene1.cpp(688,33): warning C4244: 'initializing': conversion from 'double' to 'int', possible loss of data
C:\Users\krige\Desktop\GAME211_StudentTemplate-main\ChimeraComplex\GAME211_StudentTemplate\Scene1.cpp(689,33): warning C4244: 'initializing': conversion from 'double' to 'int', possible loss of data
C:\Users\krige\Desktop\GAME211_StudentTemplate-main\ChimeraComplex\GAME211_StudentTemplate\Scene1.cpp(720,27): warning C4018: '<': signed/unsigned mismatch
C:\Users\krige\Desktop\GAME211_StudentTemplate-main\ChimeraComplex\GAME211_StudentTemplate\Scene1.cpp(744,27): warning C4018: '<': signed/unsigned mismatch
C:\Users\krige\Desktop\GAME211_StudentTemplate-main\ChimeraComplex\GAME211_StudentTemplate\Scene1.cpp(768,27): warning C4018: '<': signed/unsigned mismatch
C:\Users\krige\Desktop\GAME211_StudentTemplate-main\ChimeraComplex\GAME211_StudentTemplate\Scene1.cpp(826,27): warning C4305: '+=': truncation from 'double' to 'float'
C:\Users\krige\Desktop\GAME211_StudentTemplate-main\ChimeraComplex\GAME211_StudentTemplate\Scene1.cpp(831,27): warning C4305: '-=': truncation from 'double' to 'float'
C:\Users\krige\Desktop\GAME211_StudentTemplate-main\ChimeraComplex\GAME211_StudentTemplate\Scene1.cpp(836,57): warning C4244: '=': conversion from 'double' to 'float', possible loss of data
C:\Users\krige\Desktop\GAME211_StudentTemplate-main\ChimeraComplex\GAME211_StudentTemplate\Scene1.cpp(844,57): warning C4244: '=': conversion from 'int' to 'float', possible loss of data
C:\Users\krige\Desktop\GAME211_StudentTemplate-main\ChimeraComplex\GAME211_StudentTemplate\Scene1.cpp(859,21): warning C4244: '=': conversion from 'float' to 'int', possible loss of data
C:\Users\krige\Desktop\GAME211_StudentTemplate-main\ChimeraComplex\GAME211_StudentTemplate\Scene1.cpp(860,21): warning C4244: '=': conversion from 'float' to 'int', possible loss of data
C:\Users\krige\Desktop\GAME211_StudentTemplate-main\ChimeraComplex\GAME211_StudentTemplate\Scene1.cpp(885,57): warning C4244: '=': conversion from 'double' to 'float', possible loss of data
C:\Users\krige\Desktop\GAME211_StudentTemplate-main\ChimeraComplex\GAME211_StudentTemplate\Scene1.cpp(892,57): warning C4244: '=': conversion from 'int' to 'float', possible loss of data
C:\Users\krige\Desktop\GAME211_StudentTemplate-main\ChimeraComplex\GAME211_StudentTemplate\Scene1.cpp(905,21): warning C4244: '=': conversion from 'float' to 'int', possible loss of data
C:\Users\krige\Desktop\GAME211_StudentTemplate-main\ChimeraComplex\GAME211_StudentTemplate\Scene1.cpp(906,21): warning C4244: '=': conversion from 'float' to 'int', possible loss of data
C:\Users\krige\Desktop\GAME211_StudentTemplate-main\ChimeraComplex\GAME211_StudentTemplate\Scene1.cpp(928,21): warning C4244: '=': conversion from 'float' to 'int', possible loss of data
C:\Users\krige\Desktop\GAME211_StudentTemplate-main\ChimeraComplex\GAME211_StudentTemplate\Scene1.cpp(929,21): warning C4244: '=': conversion from 'float' to 'int', possible loss of data
C:\Users\krige\Desktop\GAME211_StudentTemplate-main\ChimeraComplex\GAME211_StudentTemplate\Scene1.cpp(937,21): warning C4244: '=': conversion from 'float' to 'int', possible loss of data
C:\Users\krige\Desktop\GAME211_StudentTemplate-main\ChimeraComplex\GAME211_StudentTemplate\Scene1.cpp(938,21): warning C4244: '=': conversion from 'float' to 'int', possible loss of data
C:\Users\krige\Desktop\GAME211_StudentTemplate-main\ChimeraComplex\GAME211_StudentTemplate\Scene1.cpp(956,55): warning C4244: 'argument': conversion from 'double' to 'float', possible loss of data
C:\Users\krige\Desktop\GAME211_StudentTemplate-main\ChimeraComplex\GAME211_StudentTemplate\Scene1.cpp(959,59): warning C4244: 'argument': conversion from 'double' to 'float', possible loss of data
C:\Users\krige\Desktop\GAME211_StudentTemplate-main\ChimeraComplex\GAME211_StudentTemplate\Scene1.cpp(961,102): warning C4244: 'argument': conversion from 'double' to 'float', possible loss of data
C:\Users\krige\Desktop\GAME211_StudentTemplate-main\ChimeraComplex\GAME211_StudentTemplate\Scene1.cpp(967,55): warning C4244: 'argument': conversion from 'double' to 'float', possible loss of data
C:\Users\krige\Desktop\GAME211_StudentTemplate-main\ChimeraComplex\GAME211_StudentTemplate\Scene1.cpp(970,59): warning C4244: 'argument': conversion from 'double' to 'float', possible loss of data
C:\Users\krige\Desktop\GAME211_StudentTemplate-main\ChimeraComplex\GAME211_StudentTemplate\Scene1.cpp(972,102): warning C4244: 'argument': conversion from 'double' to 'float', possible loss of data
C:\Users\krige\Desktop\GAME211_StudentTemplate-main\ChimeraComplex\GAME211_StudentTemplate\Scene1.cpp(976,55): warning C4244: 'argument': conversion from 'double' to 'float', possible loss of data
C:\Users\krige\Desktop\GAME211_StudentTemplate-main\ChimeraComplex\GAME211_StudentTemplate\Scene1.cpp(979,59): warning C4244: 'argument': conversion from 'double' to 'float', possible loss of data
C:\Users\krige\Desktop\GAME211_StudentTemplate-main\ChimeraComplex\GAME211_StudentTemplate\Scene1.cpp(981,102): warning C4244: 'argument': conversion from 'double' to 'float', possible loss of data
C:\Users\krige\Desktop\GAME211_StudentTemplate-main\ChimeraComplex\GAME211_StudentTemplate\Scene1.cpp(985,55): warning C4244: 'argument': conversion from 'double' to 'float', possible loss of data
C:\Users\krige\Desktop\GAME211_StudentTemplate-main\ChimeraComplex\GAME211_StudentTemplate\Scene1.cpp(988,59): warning C4244: 'argument': conversion from 'double' to 'float', possible loss of data
C:\Users\krige\Desktop\GAME211_StudentTemplate-main\ChimeraComplex\GAME211_StudentTemplate\Scene1.cpp(990,102): warning C4244: 'argument': conversion from 'double' to 'float', possible loss of data
C:\Users\krige\Desktop\GAME211_StudentTemplate-main\ChimeraComplex\GAME211_StudentTemplate\Scene1.cpp(1011,21): warning C4244: 'initializing': conversion from 'double' to 'int', possible loss of data
C:\Users\krige\Desktop\GAME211_StudentTemplate-main\ChimeraComplex\GAME211_StudentTemplate\Scene1.cpp(1011,78): warning C4244: 'initializing': conversion from 'double' to 'int', possible loss of data
C:\Users\krige\Desktop\GAME211_StudentTemplate-main\ChimeraComplex\GAME211_StudentTemplate\Scene1.cpp(1011,147): warning C4244: 'initializing': conversion from 'double' to 'int', possible loss of data
C:\Users\krige\Desktop\GAME211_StudentTemplate-main\ChimeraComplex\GAME211_StudentTemplate\Scene1.cpp(1012,21): warning C4244: 'initializing': conversion from 'double' to 'int', possible loss of data
C:\Users\krige\Desktop\GAME211_StudentTemplate-main\ChimeraComplex\GAME211_StudentTemplate\Scene1.cpp(1012,78): warning C4244: 'initializing': conversion from 'double' to 'int', possible loss of data
C:\Users\krige\Desktop\GAME211_StudentTemplate-main\ChimeraComplex\GAME211_StudentTemplate\Scene1.cpp(1012,147): warning C4244: 'initializing': conversion from 'double' to 'int', possible loss of data
C:\Users\krige\Desktop\GAME211_StudentTemplate-main\ChimeraComplex\GAME211_StudentTemplate\Scene1.cpp(1049,23): warning C4018: '<': signed/unsigned mismatch
C:\Users\krige\Desktop\GAME211_StudentTemplate-main\ChimeraComplex\GAME211_StudentTemplate\Scene1.cpp(1061,23): warning C4018: '<': signed/unsigned mismatch
C:\Users\krige\Desktop\GAME211_StudentTemplate-main\ChimeraComplex\GAME211_StudentTemplate\Scene1.cpp(1072,23): warning C4018: '<': signed/unsigned mismatch
C:\Users\krige\Desktop\GAME211_StudentTemplate-main\ChimeraComplex\GAME211_StudentTemplate\Scene1.cpp(1085,23): warning C4018: '<': signed/unsigned mismatch
C:\Users\krige\Desktop\GAME211_StudentTemplate-main\ChimeraComplex\GAME211_StudentTemplate\Scene1.cpp(1099,23): warning C4018: '<': signed/unsigned mismatch
C:\Users\krige\Desktop\GAME211_StudentTemplate-main\ChimeraComplex\GAME211_StudentTemplate\Scene1.cpp(1054,13): warning C4102: 'attribution': unreferenced label
C:\Users\krige\Desktop\GAME211_StudentTemplate-main\ChimeraComplex\GAME211_StudentTemplate\Scene1.cpp(1054,26): warning C4102: 'https': unreferenced label
C:\Users\krige\Desktop\GAME211_StudentTemplate-main\ChimeraComplex\GAME211_StudentTemplate\Scene1.cpp(1172,41): warning C4244: '=': conversion from 'double' to 'float', possible loss of data
C:\Users\krige\Desktop\GAME211_StudentTemplate-main\ChimeraComplex\GAME211_StudentTemplate\Scene1.cpp(1176,27): warning C4305: '+=': truncation from 'double' to 'float'
C:\Users\krige\Desktop\GAME211_StudentTemplate-main\ChimeraComplex\GAME211_StudentTemplate\Scene1.cpp(1180,27): warning C4305: '-=': truncation from 'double' to 'float'
C:\Users\krige\Desktop\GAME211_StudentTemplate-main\ChimeraComplex\GAME211_StudentTemplate\Scene1.cpp(1194,60): warning C4244: '=': conversion from 'double' to 'float', possible loss of data
C:\Users\krige\Desktop\GAME211_StudentTemplate-main\ChimeraComplex\GAME211_StudentTemplate\Scene1.cpp(1201,60): warning C4244: '=': conversion from 'int' to 'float', possible loss of data
C:\Users\krige\Desktop\GAME211_StudentTemplate-main\ChimeraComplex\GAME211_StudentTemplate\Scene1.cpp(1214,25): warning C4244: '=': conversion from 'float' to 'int', possible loss of data
C:\Users\krige\Desktop\GAME211_StudentTemplate-main\ChimeraComplex\GAME211_StudentTemplate\Scene1.cpp(1215,25): warning C4244: '=': conversion from 'float' to 'int', possible loss of data
C:\Users\krige\Desktop\GAME211_StudentTemplate-main\ChimeraComplex\GAME211_StudentTemplate\Scene1.cpp(1239,60): warning C4244: '=': conversion from 'double' to 'float', possible loss of data
C:\Users\krige\Desktop\GAME211_StudentTemplate-main\ChimeraComplex\GAME211_StudentTemplate\Scene1.cpp(1246,60): warning C4244: '=': conversion from 'int' to 'float', possible loss of data
C:\Users\krige\Desktop\GAME211_StudentTemplate-main\ChimeraComplex\GAME211_StudentTemplate\Scene1.cpp(1259,25): warning C4244: '=': conversion from 'float' to 'int', possible loss of data
C:\Users\krige\Desktop\GAME211_StudentTemplate-main\ChimeraComplex\GAME211_StudentTemplate\Scene1.cpp(1260,25): warning C4244: '=': conversion from 'float' to 'int', possible loss of data
C:\Users\krige\Desktop\GAME211_StudentTemplate-main\ChimeraComplex\GAME211_StudentTemplate\Scene1.cpp(1282,25): warning C4244: '=': conversion from 'float' to 'int', possible loss of data
C:\Users\krige\Desktop\GAME211_StudentTemplate-main\ChimeraComplex\GAME211_StudentTemplate\Scene1.cpp(1283,25): warning C4244: '=': conversion from 'float' to 'int', possible loss of data
C:\Users\krige\Desktop\GAME211_StudentTemplate-main\ChimeraComplex\GAME211_StudentTemplate\Scene1.cpp(1302,68): warning C4244: 'argument': conversion from 'float' to 'Uint8', possible loss of data
C:\Users\krige\Desktop\GAME211_StudentTemplate-main\ChimeraComplex\GAME211_StudentTemplate\Scene1.cpp(1302,59): warning C4244: 'argument': conversion from 'float' to 'Uint8', possible loss of data
C:\Users\krige\Desktop\GAME211_StudentTemplate-main\ChimeraComplex\GAME211_StudentTemplate\Scene1.cpp(1302,50): warning C4244: 'argument': conversion from 'float' to 'Uint8', possible loss of data
C:\Users\krige\Desktop\GAME211_StudentTemplate-main\ChimeraComplex\GAME211_StudentTemplate\Scene1.cpp(1309,25): warning C4244: '=': conversion from 'float' to 'int', possible loss of data
C:\Users\krige\Desktop\GAME211_StudentTemplate-main\ChimeraComplex\GAME211_StudentTemplate\Scene1.cpp(1310,25): warning C4244: '=': conversion from 'float' to 'int', possible loss of data
C:\Users\krige\Desktop\GAME211_StudentTemplate-main\ChimeraComplex\GAME211_StudentTemplate\Scene1.cpp(1329,83): warning C4244: 'argument': conversion from 'double' to 'Uint8', possible loss of data
C:\Users\krige\Desktop\GAME211_StudentTemplate-main\ChimeraComplex\GAME211_StudentTemplate\Scene1.cpp(1329,68): warning C4244: 'argument': conversion from 'double' to 'Uint8', possible loss of data
C:\Users\krige\Desktop\GAME211_StudentTemplate-main\ChimeraComplex\GAME211_StudentTemplate\Scene1.cpp(1329,53): warning C4244: 'argument': conversion from 'double' to 'Uint8', possible loss of data
C:\Users\krige\Desktop\GAME211_StudentTemplate-main\ChimeraComplex\GAME211_StudentTemplate\Scene1.cpp(1338,38): warning C4305: '+=': truncation from 'double' to 'float'
C:\Users\krige\Desktop\GAME211_StudentTemplate-main\ChimeraComplex\GAME211_StudentTemplate\Scene1.cpp(1342,38): warning C4305: '-=': truncation from 'double' to 'float'
C:\Users\krige\Desktop\GAME211_StudentTemplate-main\ChimeraComplex\GAME211_StudentTemplate\Scene1.cpp(1349,27): warning C4244: '=': conversion from 'float' to 'int', possible loss of data
C:\Users\krige\Desktop\GAME211_StudentTemplate-main\ChimeraComplex\GAME211_StudentTemplate\Scene1.cpp(1355,64): warning C4838: conversion from 'float' to 'int' requires a narrowing conversion
C:\Users\krige\Desktop\GAME211_StudentTemplate-main\ChimeraComplex\GAME211_StudentTemplate\Scene1.cpp(1355,64): warning C4244: 'initializing': conversion from 'float' to 'int', possible loss of data
C:\Users\krige\Desktop\GAME211_StudentTemplate-main\ChimeraComplex\GAME211_StudentTemplate\Scene1.cpp(1355,76): warning C4838: conversion from 'float' to 'int' requires a narrowing conversion
C:\Users\krige\Desktop\GAME211_StudentTemplate-main\ChimeraComplex\GAME211_StudentTemplate\Scene1.cpp(1355,76): warning C4244: 'initializing': conversion from 'float' to 'int', possible loss of data
C:\Users\krige\Desktop\GAME211_StudentTemplate-main\ChimeraComplex\GAME211_StudentTemplate\Scene1.cpp(1358,19): warning C4244: 'initializing': conversion from 'float' to 'int', possible loss of data
C:\Users\krige\Desktop\GAME211_StudentTemplate-main\ChimeraComplex\GAME211_StudentTemplate\Scene1.cpp(1365,19): warning C4244: 'initializing': conversion from 'float' to 'int', possible loss of data
C:\Users\krige\Desktop\GAME211_StudentTemplate-main\ChimeraComplex\GAME211_StudentTemplate\Scene1.cpp(1386,33): warning C4305: '+=': truncation from 'double' to 'float'
C:\Users\krige\Desktop\GAME211_StudentTemplate-main\ChimeraComplex\GAME211_StudentTemplate\Scene1.cpp(1389,31): warning C4305: '+=': truncation from 'double' to 'float'
C:\Users\krige\Desktop\GAME211_StudentTemplate-main\ChimeraComplex\GAME211_StudentTemplate\Scene1.cpp(1393,31): warning C4305: '-=': truncation from 'double' to 'float'
C:\Users\krige\Desktop\GAME211_StudentTemplate-main\ChimeraComplex\GAME211_StudentTemplate\Scene1.cpp(1418,25): warning C4244: 'initializing': conversion from 'double' to 'float', possible loss of data
C:\Users\krige\Desktop\GAME211_StudentTemplate-main\ChimeraComplex\GAME211_StudentTemplate\Scene1.cpp(1419,26): warning C4244: 'initializing': conversion from 'double' to 'float', possible loss of data
C:\Users\krige\Desktop\GAME211_StudentTemplate-main\ChimeraComplex\GAME211_StudentTemplate\Scene1.cpp(1484,18): warning C4244: 'initializing': conversion from 'float' to 'int', possible loss of data
C:\Users\krige\Desktop\GAME211_StudentTemplate-main\ChimeraComplex\GAME211_StudentTemplate\Scene1.cpp(1485,18): warning C4244: 'initializing': conversion from 'float' to 'int', possible loss of data
C:\Users\krige\Desktop\GAME211_StudentTemplate-main\ChimeraComplex\GAME211_StudentTemplate\Scene1.cpp(1487,14): warning C4244: 'initializing': conversion from 'double' to 'int', possible loss of data
C:\Users\krige\Desktop\GAME211_StudentTemplate-main\ChimeraComplex\GAME211_StudentTemplate\Scene1.cpp(1490,17): warning C4244: 'initializing': conversion from 'double' to 'float', possible loss of data
C:\Users\krige\Desktop\GAME211_StudentTemplate-main\ChimeraComplex\GAME211_StudentTemplate\Scene1.cpp(1516,17): warning C4244: 'initializing': conversion from 'double' to 'float', possible loss of data
C:\Users\krige\Desktop\GAME211_StudentTemplate-main\ChimeraComplex\GAME211_StudentTemplate\Scene1.cpp(1518,15): warning C4244: 'initializing': conversion from 'float' to 'int', possible loss of data
C:\Users\krige\Desktop\GAME211_StudentTemplate-main\ChimeraComplex\GAME211_StudentTemplate\Scene1.cpp(1522,59): warning C4244: '=': conversion from 'float' to 'int', possible loss of data
C:\Users\krige\Desktop\GAME211_StudentTemplate-main\ChimeraComplex\GAME211_StudentTemplate\Scene1.cpp(1523,31): warning C4244: '=': conversion from 'double' to 'int', possible loss of data
C:\Users\krige\Desktop\GAME211_StudentTemplate-main\ChimeraComplex\GAME211_StudentTemplate\Scene1.cpp(1528,20): warning C4244: 'initializing': conversion from 'float' to 'int', possible loss of data
C:\Users\krige\Desktop\GAME211_StudentTemplate-main\ChimeraComplex\GAME211_StudentTemplate\Scene1.cpp(1530,18): warning C4244: 'initializing': conversion from 'float' to 'int', possible loss of data
  Scene2.cpp
C:\Users\krige\Desktop\GAME211_StudentTemplate-main\ChimeraComplex\GAME211_StudentTemplate\Scene2.cpp(20,105): warning C4244: 'argument': conversion from 'double' to 'float', possible loss of data
C:\Users\krige\Desktop\GAME211_StudentTemplate-main\ChimeraComplex\GAME211_StudentTemplate\Scene2.cpp(20,79): warning C4244: 'argument': conversion from 'double' to 'float', possible loss of data
C:\Users\krige\Desktop\GAME211_StudentTemplate-main\ChimeraComplex\GAME211_StudentTemplate\Scene2.cpp(132,23): warning C4018: '<': signed/unsigned mismatch
C:\Users\krige\Desktop\GAME211_StudentTemplate-main\ChimeraComplex\GAME211_StudentTemplate\Scene2.cpp(137,23): warning C4018: '<': signed/unsigned mismatch
C:\Users\krige\Desktop\GAME211_StudentTemplate-main\ChimeraComplex\GAME211_StudentTemplate\Scene2.cpp(141,23): warning C4018: '<': signed/unsigned mismatch
C:\Users\krige\Desktop\GAME211_StudentTemplate-main\ChimeraComplex\GAME211_StudentTemplate\Scene2.cpp(254,27): warning C4244: 'argument': conversion from 'int' to 'float', possible loss of data
C:\Users\krige\Desktop\GAME211_StudentTemplate-main\ChimeraComplex\GAME211_StudentTemplate\Scene2.cpp(254,21): warning C4244: 'argument': conversion from 'int' to 'float', possible loss of data
C:\Users\krige\Desktop\GAME211_StudentTemplate-main\ChimeraComplex\GAME211_StudentTemplate\Scene2.cpp(269,27): warning C4244: '=': conversion from 'float' to 'int', possible loss of data
C:\Users\krige\Desktop\GAME211_StudentTemplate-main\ChimeraComplex\GAME211_StudentTemplate\Scene2.cpp(274,27): warning C4244: '=': conversion from 'float' to 'int', possible loss of data
C:\Users\krige\Desktop\GAME211_StudentTemplate-main\ChimeraComplex\GAME211_StudentTemplate\Scene2.cpp(279,17): warning C4244: 'initializing': conversion from 'float' to 'int', possible loss of data
C:\Users\krige\Desktop\GAME211_StudentTemplate-main\ChimeraComplex\GAME211_StudentTemplate\Scene2.cpp(280,17): warning C4244: 'initializing': conversion from 'float' to 'int', possible loss of data
C:\Users\krige\Desktop\GAME211_StudentTemplate-main\ChimeraComplex\GAME211_StudentTemplate\Scene2.cpp(294,25): warning C4244: 'initializing': conversion from 'float' to 'int', possible loss of data
C:\Users\krige\Desktop\GAME211_StudentTemplate-main\ChimeraComplex\GAME211_StudentTemplate\Scene2.cpp(295,25): warning C4244: 'initializing': conversion from 'float' to 'int', possible loss of data
C:\Users\krige\Desktop\GAME211_StudentTemplate-main\ChimeraComplex\GAME211_StudentTemplate\Scene2.cpp(305,28): warning C4244: '=': conversion from 'float' to 'int', possible loss of data
C:\Users\krige\Desktop\GAME211_StudentTemplate-main\ChimeraComplex\GAME211_StudentTemplate\Scene2.cpp(306,28): warning C4244: '=': conversion from 'float' to 'int', possible loss of data
C:\Users\krige\Desktop\GAME211_StudentTemplate-main\ChimeraComplex\GAME211_StudentTemplate\Scene2.cpp(319,23): warning C4018: '<': signed/unsigned mismatch
C:\Users\krige\Desktop\GAME211_StudentTemplate-main\ChimeraComplex\GAME211_StudentTemplate\Scene2.cpp(332,23): warning C4018: '<': signed/unsigned mismatch
C:\Users\krige\Desktop\GAME211_StudentTemplate-main\ChimeraComplex\GAME211_StudentTemplate\Scene2.cpp(346,23): warning C4018: '<': signed/unsigned mismatch
C:\Users\krige\Desktop\GAME211_StudentTemplate-main\ChimeraComplex\GAME211_StudentTemplate\Scene2.cpp(433,23): warning C4018: '<': signed/unsigned mismatch
C:\Users\krige\Desktop\GAME211_StudentTemplate-main\ChimeraComplex\GAME211_StudentTemplate\Scene2.cpp(450,23): warning C4018: '<': signed/unsigned mismatch
C:\Users\krige\Desktop\GAME211_StudentTemplate-main\ChimeraComplex\GAME211_StudentTemplate\Scene2.cpp(467,23): warning C4018: '<': signed/unsigned mismatch
C:\Users\krige\Desktop\GAME211_StudentTemplate-main\ChimeraComplex\GAME211_StudentTemplate\Scene2.cpp(518,23): warning C4018: '<': signed/unsigned mismatch
C:\Users\krige\Desktop\GAME211_StudentTemplate-main\ChimeraComplex\GAME211_StudentTemplate\Scene2.cpp(703,33): warning C4244: 'initializing': conversion from 'double' to 'int', possible loss of data
C:\Users\krige\Desktop\GAME211_StudentTemplate-main\ChimeraComplex\GAME211_StudentTemplate\Scene2.cpp(704,33): warning C4244: 'initializing': conversion from 'double' to 'int', possible loss of data
C:\Users\krige\Desktop\GAME211_StudentTemplate-main\ChimeraComplex\GAME211_StudentTemplate\Scene2.cpp(735,27): warning C4018: '<': signed/unsigned mismatch
C:\Users\krige\Desktop\GAME211_StudentTemplate-main\ChimeraComplex\GAME211_StudentTemplate\Scene2.cpp(759,27): warning C4018: '<': signed/unsigned mismatch
C:\Users\krige\Desktop\GAME211_StudentTemplate-main\ChimeraComplex\GAME211_StudentTemplate\Scene2.cpp(783,27): warning C4018: '<': signed/unsigned mismatch
C:\Users\krige\Desktop\GAME211_StudentTemplate-main\ChimeraComplex\GAME211_StudentTemplate\Scene2.cpp(841,27): warning C4305: '+=': truncation from 'double' to 'float'
C:\Users\krige\Desktop\GAME211_StudentTemplate-main\ChimeraComplex\GAME211_StudentTemplate\Scene2.cpp(846,27): warning C4305: '-=': truncation from 'double' to 'float'
C:\Users\krige\Desktop\GAME211_StudentTemplate-main\ChimeraComplex\GAME211_StudentTemplate\Scene2.cpp(851,57): warning C4244: '=': conversion from 'double' to 'float', possible loss of data
C:\Users\krige\Desktop\GAME211_StudentTemplate-main\ChimeraComplex\GAME211_StudentTemplate\Scene2.cpp(859,57): warning C4244: '=': conversion from 'int' to 'float', possible loss of data
C:\Users\krige\Desktop\GAME211_StudentTemplate-main\ChimeraComplex\GAME211_StudentTemplate\Scene2.cpp(874,21): warning C4244: '=': conversion from 'float' to 'int', possible loss of data
C:\Users\krige\Desktop\GAME211_StudentTemplate-main\ChimeraComplex\GAME211_StudentTemplate\Scene2.cpp(875,21): warning C4244: '=': conversion from 'float' to 'int', possible loss of data
C:\Users\krige\Desktop\GAME211_StudentTemplate-main\ChimeraComplex\GAME211_StudentTemplate\Scene2.cpp(900,57): warning C4244: '=': conversion from 'double' to 'float', possible loss of data
C:\Users\krige\Desktop\GAME211_StudentTemplate-main\ChimeraComplex\GAME211_StudentTemplate\Scene2.cpp(907,57): warning C4244: '=': conversion from 'int' to 'float', possible loss of data
C:\Users\krige\Desktop\GAME211_StudentTemplate-main\ChimeraComplex\GAME211_StudentTemplate\Scene2.cpp(920,21): warning C4244: '=': conversion from 'float' to 'int', possible loss of data
C:\Users\krige\Desktop\GAME211_StudentTemplate-main\ChimeraComplex\GAME211_StudentTemplate\Scene2.cpp(921,21): warning C4244: '=': conversion from 'float' to 'int', possible loss of data
C:\Users\krige\Desktop\GAME211_StudentTemplate-main\ChimeraComplex\GAME211_StudentTemplate\Scene2.cpp(943,21): warning C4244: '=': conversion from 'float' to 'int', possible loss of data
C:\Users\krige\Desktop\GAME211_StudentTemplate-main\ChimeraComplex\GAME211_StudentTemplate\Scene2.cpp(944,21): warning C4244: '=': conversion from 'float' to 'int', possible loss of data
C:\Users\krige\Desktop\GAME211_StudentTemplate-main\ChimeraComplex\GAME211_StudentTemplate\Scene2.cpp(952,21): warning C4244: '=': conversion from 'float' to 'int', possible loss of data
C:\Users\krige\Desktop\GAME211_StudentTemplate-main\ChimeraComplex\GAME211_StudentTemplate\Scene2.cpp(953,21): warning C4244: '=': conversion from 'float' to 'int', possible loss of data
C:\Users\krige\Desktop\GAME211_StudentTemplate-main\ChimeraComplex\GAME211_StudentTemplate\Scene2.cpp(971,55): warning C4244: 'argument': conversion from 'double' to 'float', possible loss of data
C:\Users\krige\Desktop\GAME211_StudentTemplate-main\ChimeraComplex\GAME211_StudentTemplate\Scene2.cpp(974,59): warning C4244: 'argument': conversion from 'double' to 'float', possible loss of data
C:\Users\krige\Desktop\GAME211_StudentTemplate-main\ChimeraComplex\GAME211_StudentTemplate\Scene2.cpp(976,102): warning C4244: 'argument': conversion from 'double' to 'float', possible loss of data
C:\Users\krige\Desktop\GAME211_StudentTemplate-main\ChimeraComplex\GAME211_StudentTemplate\Scene2.cpp(982,55): warning C4244: 'argument': conversion from 'double' to 'float', possible loss of data
C:\Users\krige\Desktop\GAME211_StudentTemplate-main\ChimeraComplex\GAME211_StudentTemplate\Scene2.cpp(985,59): warning C4244: 'argument': conversion from 'double' to 'float', possible loss of data
C:\Users\krige\Desktop\GAME211_StudentTemplate-main\ChimeraComplex\GAME211_StudentTemplate\Scene2.cpp(987,102): warning C4244: 'argument': conversion from 'double' to 'float', possible loss of data
C:\Users\krige\Desktop\GAME211_StudentTemplate-main\ChimeraComplex\GAME211_StudentTemplate\Scene2.cpp(992,55): warning C4244: 'argument': conversion from 'double' to 'float', possible loss of data
C:\Users\krige\Desktop\GAME211_StudentTemplate-main\ChimeraComplex\GAME211_StudentTemplate\Scene2.cpp(995,59): warning C4244: 'argument': conversion from 'double' to 'float', possible loss of data
C:\Users\krige\Desktop\GAME211_StudentTemplate-main\ChimeraComplex\GAME211_StudentTemplate\Scene2.cpp(997,102): warning C4244: 'argument': conversion from 'double' to 'float', possible loss of data
C:\Users\krige\Desktop\GAME211_StudentTemplate-main\ChimeraComplex\GAME211_StudentTemplate\Scene2.cpp(1001,55): warning C4244: 'argument': conversion from 'double' to 'float', possible loss of data
C:\Users\krige\Desktop\GAME211_StudentTemplate-main\ChimeraComplex\GAME211_StudentTemplate\Scene2.cpp(1004,59): warning C4244: 'argument': conversion from 'double' to 'float', possible loss of data
C:\Users\krige\Desktop\GAME211_StudentTemplate-main\ChimeraComplex\GAME211_StudentTemplate\Scene2.cpp(1006,102): warning C4244: 'argument': conversion from 'double' to 'float', possible loss of data
C:\Users\krige\Desktop\GAME211_StudentTemplate-main\ChimeraComplex\GAME211_StudentTemplate\Scene2.cpp(1028,21): warning C4244: 'initializing': conversion from 'double' to 'int', possible loss of data
C:\Users\krige\Desktop\GAME211_StudentTemplate-main\ChimeraComplex\GAME211_StudentTemplate\Scene2.cpp(1028,78): warning C4244: 'initializing': conversion from 'double' to 'int', possible loss of data
C:\Users\krige\Desktop\GAME211_StudentTemplate-main\ChimeraComplex\GAME211_StudentTemplate\Scene2.cpp(1028,147): warning C4244: 'initializing': conversion from 'double' to 'int', possible loss of data
C:\Users\krige\Desktop\GAME211_StudentTemplate-main\ChimeraComplex\GAME211_StudentTemplate\Scene2.cpp(1029,21): warning C4244: 'initializing': conversion from 'double' to 'int', possible loss of data
C:\Users\krige\Desktop\GAME211_StudentTemplate-main\ChimeraComplex\GAME211_StudentTemplate\Scene2.cpp(1029,78): warning C4244: 'initializing': conversion from 'double' to 'int', possible loss of data
C:\Users\krige\Desktop\GAME211_StudentTemplate-main\ChimeraComplex\GAME211_StudentTemplate\Scene2.cpp(1029,147): warning C4244: 'initializing': conversion from 'double' to 'int', possible loss of data
C:\Users\krige\Desktop\GAME211_StudentTemplate-main\ChimeraComplex\GAME211_StudentTemplate\Scene2.cpp(1066,23): warning C4018: '<': signed/unsigned mismatch
C:\Users\krige\Desktop\GAME211_StudentTemplate-main\ChimeraComplex\GAME211_StudentTemplate\Scene2.cpp(1078,23): warning C4018: '<': signed/unsigned mismatch
C:\Users\krige\Desktop\GAME211_StudentTemplate-main\ChimeraComplex\GAME211_StudentTemplate\Scene2.cpp(1091,23): warning C4018: '<': signed/unsigned mismatch
C:\Users\krige\Desktop\GAME211_StudentTemplate-main\ChimeraComplex\GAME211_StudentTemplate\Scene2.cpp(1103,23): warning C4018: '<': signed/unsigned mismatch
C:\Users\krige\Desktop\GAME211_StudentTemplate-main\ChimeraComplex\GAME211_StudentTemplate\Scene2.cpp(1116,23): warning C4018: '<': signed/unsigned mismatch
C:\Users\krige\Desktop\GAME211_StudentTemplate-main\ChimeraComplex\GAME211_StudentTemplate\Scene2.cpp(1071,13): warning C4102: 'attribution': unreferenced label
C:\Users\krige\Desktop\GAME211_StudentTemplate-main\ChimeraComplex\GAME211_StudentTemplate\Scene2.cpp(1071,26): warning C4102: 'https': unreferenced label
C:\Users\krige\Desktop\GAME211_StudentTemplate-main\ChimeraComplex\GAME211_StudentTemplate\Scene2.cpp(1189,41): warning C4244: '=': conversion from 'double' to 'float', possible loss of data
C:\Users\krige\Desktop\GAME211_StudentTemplate-main\ChimeraComplex\GAME211_StudentTemplate\Scene2.cpp(1193,27): warning C4305: '+=': truncation from 'double' to 'float'
C:\Users\krige\Desktop\GAME211_StudentTemplate-main\ChimeraComplex\GAME211_StudentTemplate\Scene2.cpp(1197,27): warning C4305: '-=': truncation from 'double' to 'float'
C:\Users\krige\Desktop\GAME211_StudentTemplate-main\ChimeraComplex\GAME211_StudentTemplate\Scene2.cpp(1211,60): warning C4244: '=': conversion from 'double' to 'float', possible loss of data
C:\Users\krige\Desktop\GAME211_StudentTemplate-main\ChimeraComplex\GAME211_StudentTemplate\Scene2.cpp(1218,60): warning C4244: '=': conversion from 'int' to 'float', possible loss of data
C:\Users\krige\Desktop\GAME211_StudentTemplate-main\ChimeraComplex\GAME211_StudentTemplate\Scene2.cpp(1231,25): warning C4244: '=': conversion from 'float' to 'int', possible loss of data
C:\Users\krige\Desktop\GAME211_StudentTemplate-main\ChimeraComplex\GAME211_StudentTemplate\Scene2.cpp(1232,25): warning C4244: '=': conversion from 'float' to 'int', possible loss of data
C:\Users\krige\Desktop\GAME211_StudentTemplate-main\ChimeraComplex\GAME211_StudentTemplate\Scene2.cpp(1256,60): warning C4244: '=': conversion from 'double' to 'float', possible loss of data
C:\Users\krige\Desktop\GAME211_StudentTemplate-main\ChimeraComplex\GAME211_StudentTemplate\Scene2.cpp(1263,60): warning C4244: '=': conversion from 'int' to 'float', possible loss of data
C:\Users\krige\Desktop\GAME211_StudentTemplate-main\ChimeraComplex\GAME211_StudentTemplate\Scene2.cpp(1276,25): warning C4244: '=': conversion from 'float' to 'int', possible loss of data
C:\Users\krige\Desktop\GAME211_StudentTemplate-main\ChimeraComplex\GAME211_StudentTemplate\Scene2.cpp(1277,25): warning C4244: '=': conversion from 'float' to 'int', possible loss of data
C:\Users\krige\Desktop\GAME211_StudentTemplate-main\ChimeraComplex\GAME211_StudentTemplate\Scene2.cpp(1299,25): warning C4244: '=': conversion from 'float' to 'int', possible loss of data
C:\Users\krige\Desktop\GAME211_StudentTemplate-main\ChimeraComplex\GAME211_StudentTemplate\Scene2.cpp(1300,25): warning C4244: '=': conversion from 'float' to 'int', possible loss of data
C:\Users\krige\Desktop\GAME211_StudentTemplate-main\ChimeraComplex\GAME211_StudentTemplate\Scene2.cpp(1319,68): warning C4244: 'argument': conversion from 'float' to 'Uint8', possible loss of data
C:\Users\krige\Desktop\GAME211_StudentTemplate-main\ChimeraComplex\GAME211_StudentTemplate\Scene2.cpp(1319,59): warning C4244: 'argument': conversion from 'float' to 'Uint8', possible loss of data
C:\Users\krige\Desktop\GAME211_StudentTemplate-main\ChimeraComplex\GAME211_StudentTemplate\Scene2.cpp(1319,50): warning C4244: 'argument': conversion from 'float' to 'Uint8', possible loss of data
C:\Users\krige\Desktop\GAME211_StudentTemplate-main\ChimeraComplex\GAME211_StudentTemplate\Scene2.cpp(1326,25): warning C4244: '=': conversion from 'float' to 'int', possible loss of data
C:\Users\krige\Desktop\GAME211_StudentTemplate-main\ChimeraComplex\GAME211_StudentTemplate\Scene2.cpp(1327,25): warning C4244: '=': conversion from 'float' to 'int', possible loss of data
C:\Users\krige\Desktop\GAME211_StudentTemplate-main\ChimeraComplex\GAME211_StudentTemplate\Scene2.cpp(1346,83): warning C4244: 'argument': conversion from 'double' to 'Uint8', possible loss of data
C:\Users\krige\Desktop\GAME211_StudentTemplate-main\ChimeraComplex\GAME211_StudentTemplate\Scene2.cpp(1346,68): warning C4244: 'argument': conversion from 'double' to 'Uint8', possible loss of data
C:\Users\krige\Desktop\GAME211_StudentTemplate-main\ChimeraComplex\GAME211_StudentTemplate\Scene2.cpp(1346,53): warning C4244: 'argument': conversion from 'double' to 'Uint8', possible loss of data
C:\Users\krige\Desktop\GAME211_StudentTemplate-main\ChimeraComplex\GAME211_StudentTemplate\Scene2.cpp(1355,38): warning C4305: '+=': truncation from 'double' to 'float'
C:\Users\krige\Desktop\GAME211_StudentTemplate-main\ChimeraComplex\GAME211_StudentTemplate\Scene2.cpp(1359,38): warning C4305: '-=': truncation from 'double' to 'float'
C:\Users\krige\Desktop\GAME211_StudentTemplate-main\ChimeraComplex\GAME211_StudentTemplate\Scene2.cpp(1366,27): warning C4244: '=': conversion from 'float' to 'int', possible loss of data
C:\Users\krige\Desktop\GAME211_StudentTemplate-main\ChimeraComplex\GAME211_StudentTemplate\Scene2.cpp(1372,65): warning C4838: conversion from 'float' to 'int' requires a narrowing conversion
C:\Users\krige\Desktop\GAME211_StudentTemplate-main\ChimeraComplex\GAME211_StudentTemplate\Scene2.cpp(1372,65): warning C4244: 'initializing': conversion from 'float' to 'int', possible loss of data
C:\Users\krige\Desktop\GAME211_StudentTemplate-main\ChimeraComplex\GAME211_StudentTemplate\Scene2.cpp(1372,77): warning C4838: conversion from 'float' to 'int' requires a narrowing conversion
C:\Users\krige\Desktop\GAME211_StudentTemplate-main\ChimeraComplex\GAME211_StudentTemplate\Scene2.cpp(1372,77): warning C4244: 'initializing': conversion from 'float' to 'int', possible loss of data
C:\Users\krige\Desktop\GAME211_StudentTemplate-main\ChimeraComplex\GAME211_StudentTemplate\Scene2.cpp(1375,19): warning C4244: 'initializing': conversion from 'float' to 'int', possible loss of data
C:\Users\krige\Desktop\GAME211_StudentTemplate-main\ChimeraComplex\GAME211_StudentTemplate\Scene2.cpp(1382,19): warning C4244: 'initializing': conversion from 'float' to 'int', possible loss of data
C:\Users\krige\Desktop\GAME211_StudentTemplate-main\ChimeraComplex\GAME211_StudentTemplate\Scene2.cpp(1403,33): warning C4305: '+=': truncation from 'double' to 'float'
C:\Users\krige\Desktop\GAME211_StudentTemplate-main\ChimeraComplex\GAME211_StudentTemplate\Scene2.cpp(1406,31): warning C4305: '+=': truncation from 'double' to 'float'
C:\Users\krige\Desktop\GAME211_StudentTemplate-main\ChimeraComplex\GAME211_StudentTemplate\Scene2.cpp(1410,31): warning C4305: '-=': truncation from 'double' to 'float'
C:\Users\krige\Desktop\GAME211_StudentTemplate-main\ChimeraComplex\GAME211_StudentTemplate\Scene2.cpp(1437,25): warning C4244: 'initializing': conversion from 'double' to 'float', possible loss of data
C:\Users\krige\Desktop\GAME211_StudentTemplate-main\ChimeraComplex\GAME211_StudentTemplate\Scene2.cpp(1438,26): warning C4244: 'initializing': conversion from 'double' to 'float', possible loss of data
C:\Users\krige\Desktop\GAME211_StudentTemplate-main\ChimeraComplex\GAME211_StudentTemplate\Scene2.cpp(1501,18): warning C4244: 'initializing': conversion from 'float' to 'int', possible loss of data
C:\Users\krige\Desktop\GAME211_StudentTemplate-main\ChimeraComplex\GAME211_StudentTemplate\Scene2.cpp(1502,18): warning C4244: 'initializing': conversion from 'float' to 'int', possible loss of data
C:\Users\krige\Desktop\GAME211_StudentTemplate-main\ChimeraComplex\GAME211_StudentTemplate\Scene2.cpp(1504,14): warning C4244: 'initializing': conversion from 'double' to 'int', possible loss of data
C:\Users\krige\Desktop\GAME211_StudentTemplate-main\ChimeraComplex\GAME211_StudentTemplate\Scene2.cpp(1507,17): warning C4244: 'initializing': conversion from 'double' to 'float', possible loss of data
C:\Users\krige\Desktop\GAME211_StudentTemplate-main\ChimeraComplex\GAME211_StudentTemplate\Scene2.cpp(1533,17): warning C4244: 'initializing': conversion from 'double' to 'float', possible loss of data
C:\Users\krige\Desktop\GAME211_StudentTemplate-main\ChimeraComplex\GAME211_StudentTemplate\Scene2.cpp(1535,15): warning C4244: 'initializing': conversion from 'float' to 'int', possible loss of data
C:\Users\krige\Desktop\GAME211_StudentTemplate-main\ChimeraComplex\GAME211_StudentTemplate\Scene2.cpp(1539,59): warning C4244: '=': conversion from 'float' to 'int', possible loss of data
C:\Users\krige\Desktop\GAME211_StudentTemplate-main\ChimeraComplex\GAME211_StudentTemplate\Scene2.cpp(1540,31): warning C4244: '=': conversion from 'double' to 'int', possible loss of data
C:\Users\krige\Desktop\GAME211_StudentTemplate-main\ChimeraComplex\GAME211_StudentTemplate\Scene2.cpp(1545,20): warning C4244: 'initializing': conversion from 'float' to 'int', possible loss of data
C:\Users\krige\Desktop\GAME211_StudentTemplate-main\ChimeraComplex\GAME211_StudentTemplate\Scene2.cpp(1547,18): warning C4244: 'initializing': conversion from 'float' to 'int', possible loss of data
  Scene3.cpp
C:\Users\krige\Desktop\GAME211_StudentTemplate-main\ChimeraComplex\GAME211_StudentTemplate\Scene3.cpp(21,105): warning C4244: 'argument': conversion from 'double' to 'float', possible loss of data
C:\Users\krige\Desktop\GAME211_StudentTemplate-main\ChimeraComplex\GAME211_StudentTemplate\Scene3.cpp(21,79): warning C4244: 'argument': conversion from 'double' to 'float', possible loss of data
C:\Users\krige\Desktop\GAME211_StudentTemplate-main\ChimeraComplex\GAME211_StudentTemplate\Scene3.cpp(117,23): warning C4018: '<': signed/unsigned mismatch
C:\Users\krige\Desktop\GAME211_StudentTemplate-main\ChimeraComplex\GAME211_StudentTemplate\Scene3.cpp(176,23): warning C4018: '<': signed/unsigned mismatch
C:\Users\krige\Desktop\GAME211_StudentTemplate-main\ChimeraComplex\GAME211_StudentTemplate\Scene3.cpp(180,23): warning C4018: '<': signed/unsigned mismatch
C:\Users\krige\Desktop\GAME211_StudentTemplate-main\ChimeraComplex\GAME211_StudentTemplate\Scene3.cpp(292,27): warning C4244: 'argument': conversion from 'int' to 'float', possible loss of data
C:\Users\krige\Desktop\GAME211_StudentTemplate-main\ChimeraComplex\GAME211_StudentTemplate\Scene3.cpp(292,21): warning C4244: 'argument': conversion from 'int' to 'float', possible loss of data
C:\Users\krige\Desktop\GAME211_StudentTemplate-main\ChimeraComplex\GAME211_StudentTemplate\Scene3.cpp(307,27): warning C4244: '=': conversion from 'float' to 'int', possible loss of data
C:\Users\krige\Desktop\GAME211_StudentTemplate-main\ChimeraComplex\GAME211_StudentTemplate\Scene3.cpp(312,27): warning C4244: '=': conversion from 'float' to 'int', possible loss of data
C:\Users\krige\Desktop\GAME211_StudentTemplate-main\ChimeraComplex\GAME211_StudentTemplate\Scene3.cpp(317,17): warning C4244: 'initializing': conversion from 'float' to 'int', possible loss of data
C:\Users\krige\Desktop\GAME211_StudentTemplate-main\ChimeraComplex\GAME211_StudentTemplate\Scene3.cpp(318,17): warning C4244: 'initializing': conversion from 'float' to 'int', possible loss of data
C:\Users\krige\Desktop\GAME211_StudentTemplate-main\ChimeraComplex\GAME211_StudentTemplate\Scene3.cpp(332,25): warning C4244: 'initializing': conversion from 'float' to 'int', possible loss of data
C:\Users\krige\Desktop\GAME211_StudentTemplate-main\ChimeraComplex\GAME211_StudentTemplate\Scene3.cpp(333,25): warning C4244: 'initializing': conversion from 'float' to 'int', possible loss of data
C:\Users\krige\Desktop\GAME211_StudentTemplate-main\ChimeraComplex\GAME211_StudentTemplate\Scene3.cpp(343,28): warning C4244: '=': conversion from 'float' to 'int', possible loss of data
C:\Users\krige\Desktop\GAME211_StudentTemplate-main\ChimeraComplex\GAME211_StudentTemplate\Scene3.cpp(344,28): warning C4244: '=': conversion from 'float' to 'int', possible loss of data
C:\Users\krige\Desktop\GAME211_StudentTemplate-main\ChimeraComplex\GAME211_StudentTemplate\Scene3.cpp(373,23): warning C4018: '<': signed/unsigned mismatch
C:\Users\krige\Desktop\GAME211_StudentTemplate-main\ChimeraComplex\GAME211_StudentTemplate\Scene3.cpp(464,23): warning C4018: '<': signed/unsigned mismatch
C:\Users\krige\Desktop\GAME211_StudentTemplate-main\ChimeraComplex\GAME211_StudentTemplate\Scene3.cpp(508,23): warning C4018: '<': signed/unsigned mismatch
C:\Users\krige\Desktop\GAME211_StudentTemplate-main\ChimeraComplex\GAME211_StudentTemplate\Scene3.cpp(567,27): warning C4018: '<': signed/unsigned mismatch
C:\Users\krige\Desktop\GAME211_StudentTemplate-main\ChimeraComplex\GAME211_StudentTemplate\Scene3.cpp(749,33): warning C4244: 'initializing': conversion from 'double' to 'int', possible loss of data
C:\Users\krige\Desktop\GAME211_StudentTemplate-main\ChimeraComplex\GAME211_StudentTemplate\Scene3.cpp(750,33): warning C4244: 'initializing': conversion from 'double' to 'int', possible loss of data
C:\Users\krige\Desktop\GAME211_StudentTemplate-main\ChimeraComplex\GAME211_StudentTemplate\Scene3.cpp(790,27): warning C4305: '+=': truncation from 'double' to 'float'
C:\Users\krige\Desktop\GAME211_StudentTemplate-main\ChimeraComplex\GAME211_StudentTemplate\Scene3.cpp(795,27): warning C4305: '-=': truncation from 'double' to 'float'
C:\Users\krige\Desktop\GAME211_StudentTemplate-main\ChimeraComplex\GAME211_StudentTemplate\Scene3.cpp(800,57): warning C4244: '=': conversion from 'double' to 'float', possible loss of data
C:\Users\krige\Desktop\GAME211_StudentTemplate-main\ChimeraComplex\GAME211_StudentTemplate\Scene3.cpp(808,57): warning C4244: '=': conversion from 'int' to 'float', possible loss of data
C:\Users\krige\Desktop\GAME211_StudentTemplate-main\ChimeraComplex\GAME211_StudentTemplate\Scene3.cpp(823,21): warning C4244: '=': conversion from 'float' to 'int', possible loss of data
C:\Users\krige\Desktop\GAME211_StudentTemplate-main\ChimeraComplex\GAME211_StudentTemplate\Scene3.cpp(824,21): warning C4244: '=': conversion from 'float' to 'int', possible loss of data
C:\Users\krige\Desktop\GAME211_StudentTemplate-main\ChimeraComplex\GAME211_StudentTemplate\Scene3.cpp(849,57): warning C4244: '=': conversion from 'double' to 'float', possible loss of data
C:\Users\krige\Desktop\GAME211_StudentTemplate-main\ChimeraComplex\GAME211_StudentTemplate\Scene3.cpp(856,57): warning C4244: '=': conversion from 'int' to 'float', possible loss of data
C:\Users\krige\Desktop\GAME211_StudentTemplate-main\ChimeraComplex\GAME211_StudentTemplate\Scene3.cpp(869,21): warning C4244: '=': conversion from 'float' to 'int', possible loss of data
C:\Users\krige\Desktop\GAME211_StudentTemplate-main\ChimeraComplex\GAME211_StudentTemplate\Scene3.cpp(870,21): warning C4244: '=': conversion from 'float' to 'int', possible loss of data
C:\Users\krige\Desktop\GAME211_StudentTemplate-main\ChimeraComplex\GAME211_StudentTemplate\Scene3.cpp(892,21): warning C4244: '=': conversion from 'float' to 'int', possible loss of data
C:\Users\krige\Desktop\GAME211_StudentTemplate-main\ChimeraComplex\GAME211_StudentTemplate\Scene3.cpp(893,21): warning C4244: '=': conversion from 'float' to 'int', possible loss of data
C:\Users\krige\Desktop\GAME211_StudentTemplate-main\ChimeraComplex\GAME211_StudentTemplate\Scene3.cpp(901,21): warning C4244: '=': conversion from 'float' to 'int', possible loss of data
C:\Users\krige\Desktop\GAME211_StudentTemplate-main\ChimeraComplex\GAME211_StudentTemplate\Scene3.cpp(902,21): warning C4244: '=': conversion from 'float' to 'int', possible loss of data
C:\Users\krige\Desktop\GAME211_StudentTemplate-main\ChimeraComplex\GAME211_StudentTemplate\Scene3.cpp(920,55): warning C4244: 'argument': conversion from 'double' to 'float', possible loss of data
C:\Users\krige\Desktop\GAME211_StudentTemplate-main\ChimeraComplex\GAME211_StudentTemplate\Scene3.cpp(923,59): warning C4244: 'argument': conversion from 'double' to 'float', possible loss of data
C:\Users\krige\Desktop\GAME211_StudentTemplate-main\ChimeraComplex\GAME211_StudentTemplate\Scene3.cpp(925,102): warning C4244: 'argument': conversion from 'double' to 'float', possible loss of data
C:\Users\krige\Desktop\GAME211_StudentTemplate-main\ChimeraComplex\GAME211_StudentTemplate\Scene3.cpp(931,55): warning C4244: 'argument': conversion from 'double' to 'float', possible loss of data
C:\Users\krige\Desktop\GAME211_StudentTemplate-main\ChimeraComplex\GAME211_StudentTemplate\Scene3.cpp(934,59): warning C4244: 'argument': conversion from 'double' to 'float', possible loss of data
C:\Users\krige\Desktop\GAME211_StudentTemplate-main\ChimeraComplex\GAME211_StudentTemplate\Scene3.cpp(936,102): warning C4244: 'argument': conversion from 'double' to 'float', possible loss of data
C:\Users\krige\Desktop\GAME211_StudentTemplate-main\ChimeraComplex\GAME211_StudentTemplate\Scene3.cpp(940,55): warning C4244: 'argument': conversion from 'double' to 'float', possible loss of data
C:\Users\krige\Desktop\GAME211_StudentTemplate-main\ChimeraComplex\GAME211_StudentTemplate\Scene3.cpp(943,59): warning C4244: 'argument': conversion from 'double' to 'float', possible loss of data
C:\Users\krige\Desktop\GAME211_StudentTemplate-main\ChimeraComplex\GAME211_StudentTemplate\Scene3.cpp(945,102): warning C4244: 'argument': conversion from 'double' to 'float', possible loss of data
C:\Users\krige\Desktop\GAME211_StudentTemplate-main\ChimeraComplex\GAME211_StudentTemplate\Scene3.cpp(949,55): warning C4244: 'argument': conversion from 'double' to 'float', possible loss of data
C:\Users\krige\Desktop\GAME211_StudentTemplate-main\ChimeraComplex\GAME211_StudentTemplate\Scene3.cpp(952,59): warning C4244: 'argument': conversion from 'double' to 'float', possible loss of data
C:\Users\krige\Desktop\GAME211_StudentTemplate-main\ChimeraComplex\GAME211_StudentTemplate\Scene3.cpp(954,102): warning C4244: 'argument': conversion from 'double' to 'float', possible loss of data
C:\Users\krige\Desktop\GAME211_StudentTemplate-main\ChimeraComplex\GAME211_StudentTemplate\Scene3.cpp(975,21): warning C4244: 'initializing': conversion from 'double' to 'int', possible loss of data
C:\Users\krige\Desktop\GAME211_StudentTemplate-main\ChimeraComplex\GAME211_StudentTemplate\Scene3.cpp(975,78): warning C4244: 'initializing': conversion from 'double' to 'int', possible loss of data
C:\Users\krige\Desktop\GAME211_StudentTemplate-main\ChimeraComplex\GAME211_StudentTemplate\Scene3.cpp(975,147): warning C4244: 'initializing': conversion from 'double' to 'int', possible loss of data
C:\Users\krige\Desktop\GAME211_StudentTemplate-main\ChimeraComplex\GAME211_StudentTemplate\Scene3.cpp(976,21): warning C4244: 'initializing': conversion from 'double' to 'int', possible loss of data
C:\Users\krige\Desktop\GAME211_StudentTemplate-main\ChimeraComplex\GAME211_StudentTemplate\Scene3.cpp(976,78): warning C4244: 'initializing': conversion from 'double' to 'int', possible loss of data
C:\Users\krige\Desktop\GAME211_StudentTemplate-main\ChimeraComplex\GAME211_StudentTemplate\Scene3.cpp(976,147): warning C4244: 'initializing': conversion from 'double' to 'int', possible loss of data
C:\Users\krige\Desktop\GAME211_StudentTemplate-main\ChimeraComplex\GAME211_StudentTemplate\Scene3.cpp(1007,23): warning C4018: '<': signed/unsigned mismatch
C:\Users\krige\Desktop\GAME211_StudentTemplate-main\ChimeraComplex\GAME211_StudentTemplate\Scene3.cpp(1019,23): warning C4018: '<': signed/unsigned mismatch
C:\Users\krige\Desktop\GAME211_StudentTemplate-main\ChimeraComplex\GAME211_StudentTemplate\Scene3.cpp(1032,23): warning C4018: '<': signed/unsigned mismatch
C:\Users\krige\Desktop\GAME211_StudentTemplate-main\ChimeraComplex\GAME211_StudentTemplate\Scene3.cpp(1044,23): warning C4018: '<': signed/unsigned mismatch
C:\Users\krige\Desktop\GAME211_StudentTemplate-main\ChimeraComplex\GAME211_StudentTemplate\Scene3.cpp(1055,23): warning C4018: '<': signed/unsigned mismatch
C:\Users\krige\Desktop\GAME211_StudentTemplate-main\ChimeraComplex\GAME211_StudentTemplate\Scene3.cpp(1012,9): warning C4102: 'attribution': unreferenced label
C:\Users\krige\Desktop\GAME211_StudentTemplate-main\ChimeraComplex\GAME211_StudentTemplate\Scene3.cpp(1012,22): warning C4102: 'https': unreferenced label
C:\Users\krige\Desktop\GAME211_StudentTemplate-main\ChimeraComplex\GAME211_StudentTemplate\Scene3.cpp(1138,41): warning C4244: '=': conversion from 'double' to 'float', possible loss of data
C:\Users\krige\Desktop\GAME211_StudentTemplate-main\ChimeraComplex\GAME211_StudentTemplate\Scene3.cpp(1142,27): warning C4305: '+=': truncation from 'double' to 'float'
C:\Users\krige\Desktop\GAME211_StudentTemplate-main\ChimeraComplex\GAME211_StudentTemplate\Scene3.cpp(1146,27): warning C4305: '-=': truncation from 'double' to 'float'
C:\Users\krige\Desktop\GAME211_StudentTemplate-main\ChimeraComplex\GAME211_StudentTemplate\Scene3.cpp(1160,60): warning C4244: '=': conversion from 'double' to 'float', possible loss of data
C:\Users\krige\Desktop\GAME211_StudentTemplate-main\ChimeraComplex\GAME211_StudentTemplate\Scene3.cpp(1167,60): warning C4244: '=': conversion from 'int' to 'float', possible loss of data
C:\Users\krige\Desktop\GAME211_StudentTemplate-main\ChimeraComplex\GAME211_StudentTemplate\Scene3.cpp(1180,25): warning C4244: '=': conversion from 'float' to 'int', possible loss of data
C:\Users\krige\Desktop\GAME211_StudentTemplate-main\ChimeraComplex\GAME211_StudentTemplate\Scene3.cpp(1181,25): warning C4244: '=': conversion from 'float' to 'int', possible loss of data
C:\Users\krige\Desktop\GAME211_StudentTemplate-main\ChimeraComplex\GAME211_StudentTemplate\Scene3.cpp(1205,60): warning C4244: '=': conversion from 'double' to 'float', possible loss of data
C:\Users\krige\Desktop\GAME211_StudentTemplate-main\ChimeraComplex\GAME211_StudentTemplate\Scene3.cpp(1212,60): warning C4244: '=': conversion from 'int' to 'float', possible loss of data
C:\Users\krige\Desktop\GAME211_StudentTemplate-main\ChimeraComplex\GAME211_StudentTemplate\Scene3.cpp(1225,25): warning C4244: '=': conversion from 'float' to 'int', possible loss of data
C:\Users\krige\Desktop\GAME211_StudentTemplate-main\ChimeraComplex\GAME211_StudentTemplate\Scene3.cpp(1226,25): warning C4244: '=': conversion from 'float' to 'int', possible loss of data
C:\Users\krige\Desktop\GAME211_StudentTemplate-main\ChimeraComplex\GAME211_StudentTemplate\Scene3.cpp(1248,25): warning C4244: '=': conversion from 'float' to 'int', possible loss of data
C:\Users\krige\Desktop\GAME211_StudentTemplate-main\ChimeraComplex\GAME211_StudentTemplate\Scene3.cpp(1249,25): warning C4244: '=': conversion from 'float' to 'int', possible loss of data
C:\Users\krige\Desktop\GAME211_StudentTemplate-main\ChimeraComplex\GAME211_StudentTemplate\Scene3.cpp(1268,68): warning C4244: 'argument': conversion from 'float' to 'Uint8', possible loss of data
C:\Users\krige\Desktop\GAME211_StudentTemplate-main\ChimeraComplex\GAME211_StudentTemplate\Scene3.cpp(1268,59): warning C4244: 'argument': conversion from 'float' to 'Uint8', possible loss of data
C:\Users\krige\Desktop\GAME211_StudentTemplate-main\ChimeraComplex\GAME211_StudentTemplate\Scene3.cpp(1268,50): warning C4244: 'argument': conversion from 'float' to 'Uint8', possible loss of data
C:\Users\krige\Desktop\GAME211_StudentTemplate-main\ChimeraComplex\GAME211_StudentTemplate\Scene3.cpp(1275,25): warning C4244: '=': conversion from 'float' to 'int', possible loss of data
C:\Users\krige\Desktop\GAME211_StudentTemplate-main\ChimeraComplex\GAME211_StudentTemplate\Scene3.cpp(1276,25): warning C4244: '=': conversion from 'float' to 'int', possible loss of data
C:\Users\krige\Desktop\GAME211_StudentTemplate-main\ChimeraComplex\GAME211_StudentTemplate\Scene3.cpp(1295,83): warning C4244: 'argument': conversion from 'double' to 'Uint8', possible loss of data
C:\Users\krige\Desktop\GAME211_StudentTemplate-main\ChimeraComplex\GAME211_StudentTemplate\Scene3.cpp(1295,68): warning C4244: 'argument': conversion from 'double' to 'Uint8', possible loss of data
C:\Users\krige\Desktop\GAME211_StudentTemplate-main\ChimeraComplex\GAME211_StudentTemplate\Scene3.cpp(1295,53): warning C4244: 'argument': conversion from 'double' to 'Uint8', possible loss of data
C:\Users\krige\Desktop\GAME211_StudentTemplate-main\ChimeraComplex\GAME211_StudentTemplate\Scene3.cpp(1304,38): warning C4305: '+=': truncation from 'double' to 'float'
C:\Users\krige\Desktop\GAME211_StudentTemplate-main\ChimeraComplex\GAME211_StudentTemplate\Scene3.cpp(1308,38): warning C4305: '-=': truncation from 'double' to 'float'
C:\Users\krige\Desktop\GAME211_StudentTemplate-main\ChimeraComplex\GAME211_StudentTemplate\Scene3.cpp(1315,27): warning C4244: '=': conversion from 'float' to 'int', possible loss of data
C:\Users\krige\Desktop\GAME211_StudentTemplate-main\ChimeraComplex\GAME211_StudentTemplate\Scene3.cpp(1321,65): warning C4838: conversion from 'float' to 'int' requires a narrowing conversion
C:\Users\krige\Desktop\GAME211_StudentTemplate-main\ChimeraComplex\GAME211_StudentTemplate\Scene3.cpp(1321,65): warning C4244: 'initializing': conversion from 'float' to 'int', possible loss of data
C:\Users\krige\Desktop\GAME211_StudentTemplate-main\ChimeraComplex\GAME211_StudentTemplate\Scene3.cpp(1321,77): warning C4838: conversion from 'float' to 'int' requires a narrowing conversion
C:\Users\krige\Desktop\GAME211_StudentTemplate-main\ChimeraComplex\GAME211_StudentTemplate\Scene3.cpp(1321,77): warning C4244: 'initializing': conversion from 'float' to 'int', possible loss of data
C:\Users\krige\Desktop\GAME211_StudentTemplate-main\ChimeraComplex\GAME211_StudentTemplate\Scene3.cpp(1324,19): warning C4244: 'initializing': conversion from 'float' to 'int', possible loss of data
C:\Users\krige\Desktop\GAME211_StudentTemplate-main\ChimeraComplex\GAME211_StudentTemplate\Scene3.cpp(1331,19): warning C4244: 'initializing': conversion from 'float' to 'int', possible loss of data
C:\Users\krige\Desktop\GAME211_StudentTemplate-main\ChimeraComplex\GAME211_StudentTemplate\Scene3.cpp(1352,33): warning C4305: '+=': truncation from 'double' to 'float'
C:\Users\krige\Desktop\GAME211_StudentTemplate-main\ChimeraComplex\GAME211_StudentTemplate\Scene3.cpp(1355,31): warning C4305: '+=': truncation from 'double' to 'float'
C:\Users\krige\Desktop\GAME211_StudentTemplate-main\ChimeraComplex\GAME211_StudentTemplate\Scene3.cpp(1359,31): warning C4305: '-=': truncation from 'double' to 'float'
C:\Users\krige\Desktop\GAME211_StudentTemplate-main\ChimeraComplex\GAME211_StudentTemplate\Scene3.cpp(1386,31): warning C4018: '<': signed/unsigned mismatch
C:\Users\krige\Desktop\GAME211_StudentTemplate-main\ChimeraComplex\GAME211_StudentTemplate\Scene3.cpp(1435,31): warning C4018: '<': signed/unsigned mismatch
C:\Users\krige\Desktop\GAME211_StudentTemplate-main\ChimeraComplex\GAME211_StudentTemplate\Scene3.cpp(1533,23): warning C4018: '<': signed/unsigned mismatch
C:\Users\krige\Desktop\GAME211_StudentTemplate-main\ChimeraComplex\GAME211_StudentTemplate\Scene3.cpp(1543,23): warning C4018: '<': signed/unsigned mismatch
C:\Users\krige\Desktop\GAME211_StudentTemplate-main\ChimeraComplex\GAME211_StudentTemplate\Scene3.cpp(1562,25): warning C4244: 'initializing': conversion from 'double' to 'float', possible loss of data
C:\Users\krige\Desktop\GAME211_StudentTemplate-main\ChimeraComplex\GAME211_StudentTemplate\Scene3.cpp(1563,26): warning C4244: 'initializing': conversion from 'double' to 'float', possible loss of data
C:\Users\krige\Desktop\GAME211_StudentTemplate-main\ChimeraComplex\GAME211_StudentTemplate\Scene3.cpp(1628,18): warning C4244: 'initializing': conversion from 'float' to 'int', possible loss of data
C:\Users\krige\Desktop\GAME211_StudentTemplate-main\ChimeraComplex\GAME211_StudentTemplate\Scene3.cpp(1629,18): warning C4244: 'initializing': conversion from 'float' to 'int', possible loss of data
C:\Users\krige\Desktop\GAME211_StudentTemplate-main\ChimeraComplex\GAME211_StudentTemplate\Scene3.cpp(1631,14): warning C4244: 'initializing': conversion from 'double' to 'int', possible loss of data
C:\Users\krige\Desktop\GAME211_StudentTemplate-main\ChimeraComplex\GAME211_StudentTemplate\Scene3.cpp(1634,17): warning C4244: 'initializing': conversion from 'double' to 'float', possible loss of data
C:\Users\krige\Desktop\GAME211_StudentTemplate-main\ChimeraComplex\GAME211_StudentTemplate\Scene3.cpp(1660,17): warning C4244: 'initializing': conversion from 'double' to 'float', possible loss of data
C:\Users\krige\Desktop\GAME211_StudentTemplate-main\ChimeraComplex\GAME211_StudentTemplate\Scene3.cpp(1662,15): warning C4244: 'initializing': conversion from 'float' to 'int', possible loss of data
C:\Users\krige\Desktop\GAME211_StudentTemplate-main\ChimeraComplex\GAME211_StudentTemplate\Scene3.cpp(1666,59): warning C4244: '=': conversion from 'float' to 'int', possible loss of data
C:\Users\krige\Desktop\GAME211_StudentTemplate-main\ChimeraComplex\GAME211_StudentTemplate\Scene3.cpp(1667,31): warning C4244: '=': conversion from 'double' to 'int', possible loss of data
C:\Users\krige\Desktop\GAME211_StudentTemplate-main\ChimeraComplex\GAME211_StudentTemplate\Scene3.cpp(1672,20): warning C4244: 'initializing': conversion from 'float' to 'int', possible loss of data
C:\Users\krige\Desktop\GAME211_StudentTemplate-main\ChimeraComplex\GAME211_StudentTemplate\Scene3.cpp(1674,18): warning C4244: 'initializing': conversion from 'float' to 'int', possible loss of data
  Scene4.cpp
C:\Users\krige\Desktop\GAME211_StudentTemplate-main\ChimeraComplex\GAME211_StudentTemplate\Scene4.cpp(37,59): warning C4305: 'argument': truncation from 'double' to 'float'
  Generating code
  7 of 495 functions ( 1.4%) were compiled, the rest were copied from previous compilation.
    0 functions were new in current compilation
    25 functions had inline decision re-evaluated but remain unchanged
  Finished generating code
  GAME211_StudentTemplate.vcxproj -> C:\Users\krige\Desktop\GAME211_StudentTemplate-main\ChimeraComplex\Release\ChimeraComplex.exe
